############################################################################
# If you used Quick Vina 2 in your work, please cite:                      #
#                                                                          #
# Amr Alhossary, Stephanus Daniel Handoko, Yuguang Mu, and Chee-Keong Kwoh,#
# Fast, Accurate, and Reliable Molecular Docking with QuickVina 2,         #
# Bioinformatics (2015), doi: 10.1093/bioinformatics/btv082                #
#                                                                          #
# You are also encouraged to cite Quick Vina 1:                            #
# Stephanus Daniel Handoko, Xuchang Ouyang, Chinh Tran To Su, Chee Keong   #
# Kwoh, Yew Soon Ong,                                                      #
# QuickVina: Accelerating AutoDock Vina Using Gradient-Based Heuristics for#
# Global Optimization,                                                     #
# IEEE/ACM Transactions on Computational Biology and Bioinformatics,vol.9, #
# no. 5, pp. 1266-1272, Sept.-Oct. 2012, doi: 10.1109/TCBB.2012.82         #
#                                                                          #
# and original AutoDock Vina paper:                                        #
# O. Trott, A. J. Olson,                                                   #
# AutoDock Vina: improving the speed and accuracy of docking with a        #
# new scoring function, efficient optimization and multithreading,         #
# Journal of Computational Chemistry 31 (2010) 455-461                     #
# doi: 10.1002/jcc.21334                                                   #
############################################################################

Reading input ... done.
Setting up the scoring function ... done.
Analyzing the binding site ... done.
Using random seed: 329820714
Performing search ... done.
Refining results ... done.

mode |   affinity | dist from best mode
     | (kcal/mol) | rmsd l.b.| rmsd u.b.
-----+------------+----------+----------
   1         -7.2      0.000      0.000
   2         -7.0      1.871      2.074
   3         -6.6      2.370      3.293
   4         -6.5      2.743      6.239
   5         -6.0      2.210      3.052
   6         -6.0      2.736      4.718
   7         -5.8      2.846      6.423
   8         -5.4      2.588      4.845
   9         -5.0      1.266      1.611
  10         -5.0      2.516      4.026
Writing output ... done.
