############################################################################
# If you used Quick Vina 2 in your work, please cite:                      #
#                                                                          #
# Amr Alhossary, Stephanus Daniel Handoko, Yuguang Mu, and Chee-Keong Kwoh,#
# Fast, Accurate, and Reliable Molecular Docking with QuickVina 2,         #
# Bioinformatics (2015), doi: 10.1093/bioinformatics/btv082                #
#                                                                          #
# You are also encouraged to cite Quick Vina 1:                            #
# Stephanus Daniel Handoko, Xuchang Ouyang, Chinh Tran To Su, Chee Keong   #
# Kwoh, Yew Soon Ong,                                                      #
# QuickVina: Accelerating AutoDock Vina Using Gradient-Based Heuristics for#
# Global Optimization,                                                     #
# IEEE/ACM Transactions on Computational Biology and Bioinformatics,vol.9, #
# no. 5, pp. 1266-1272, Sept.-Oct. 2012, doi: 10.1109/TCBB.2012.82         #
#                                                                          #
# and original AutoDock Vina paper:                                        #
# O. Trott, A. J. Olson,                                                   #
# AutoDock Vina: improving the speed and accuracy of docking with a        #
# new scoring function, efficient optimization and multithreading,         #
# Journal of Computational Chemistry 31 (2010) 455-461                     #
# doi: 10.1002/jcc.21334                                                   #
############################################################################

Reading input ... done.
Setting up the scoring function ... done.
Analyzing the binding site ... done.
Using random seed: 807372984
Performing search ... done.
Refining results ... done.

mode |   affinity | dist from best mode
     | (kcal/mol) | rmsd l.b.| rmsd u.b.
-----+------------+----------+----------
   1         -7.0      0.000      0.000
   2         -6.9      2.744      4.194
   3         -6.5      0.667      1.616
   4         -5.6      1.600      5.367
   5         -5.3      2.835      6.302
   6         -5.0      1.658      5.222
   7         -4.9      1.851      5.788
   8         -4.9      1.754      2.430
   9         -4.7      2.667      5.769
  10         -4.5      2.820      4.001
Writing output ... done.
