############################################################################
# If you used Quick Vina 2 in your work, please cite:                      #
#                                                                          #
# Amr Alhossary, Stephanus Daniel Handoko, Yuguang Mu, and Chee-Keong Kwoh,#
# Fast, Accurate, and Reliable Molecular Docking with QuickVina 2,         #
# Bioinformatics (2015), doi: 10.1093/bioinformatics/btv082                #
#                                                                          #
# You are also encouraged to cite Quick Vina 1:                            #
# Stephanus Daniel Handoko, Xuchang Ouyang, Chinh Tran To Su, Chee Keong   #
# Kwoh, Yew Soon Ong,                                                      #
# QuickVina: Accelerating AutoDock Vina Using Gradient-Based Heuristics for#
# Global Optimization,                                                     #
# IEEE/ACM Transactions on Computational Biology and Bioinformatics,vol.9, #
# no. 5, pp. 1266-1272, Sept.-Oct. 2012, doi: 10.1109/TCBB.2012.82         #
#                                                                          #
# and original AutoDock Vina paper:                                        #
# O. Trott, A. J. Olson,                                                   #
# AutoDock Vina: improving the speed and accuracy of docking with a        #
# new scoring function, efficient optimization and multithreading,         #
# Journal of Computational Chemistry 31 (2010) 455-461                     #
# doi: 10.1002/jcc.21334                                                   #
############################################################################

Reading input ... done.
Setting up the scoring function ... done.
Analyzing the binding site ... done.
Using random seed: 1389485580
Performing search ... done.
Refining results ... done.

mode |   affinity | dist from best mode
     | (kcal/mol) | rmsd l.b.| rmsd u.b.
-----+------------+----------+----------
   1         -6.4      0.000      0.000
   2         -6.2      1.445      2.261
   3         -6.0      2.568      4.469
   4         -6.0      2.874      7.020
   5         -5.8      2.436      3.984
   6         -5.4      2.148      4.369
   7         -5.4      2.759      6.667
   8         -5.2      2.536      5.335
   9         -4.7      2.713      6.843
  10         -4.2      2.738      7.314
Writing output ... done.
